2018-01-20 22:04:39 [scrapy.utils.log] INFO: Scrapy 1.5.0 started (bot: douban)
2018-01-20 22:04:39 [scrapy.utils.log] INFO: Versions: lxml 4.1.0.0, libxml2 2.9.5, cssselect 1.0.3, parsel 1.3.1, w3lib 1.18.0, Twisted 17.9.0, Python 2.7.13 (v2.7.13:a06454b1afa1, Dec 17 2016, 20:42:59) [MSC v.1500 32 bit (Intel)], pyOpenSSL 17.5.0 (OpenSSL 1.1.0g  2 Nov 2017), cryptography 2.1.4, Platform Windows-10-10.0.16299
2018-01-20 22:04:39 [scrapy.crawler] INFO: Overridden settings: {'NEWSPIDER_MODULE': 'douban.spiders', 'SPIDER_MODULES': ['douban.spiders'], 'LOG_FILE': 'douban.log', 'USER_AGENT': 'Mozilla/5.0 (Macintosh; Intel Mac OS X 10_11_3) AppleWebKit/537.36 (KHTML, like Gecko) Chrome/48.0.2564.116 Safari/537.36', 'BOT_NAME': 'douban'}
2018-01-20 22:04:39 [scrapy.middleware] INFO: Enabled extensions:
['scrapy.extensions.logstats.LogStats',
 'scrapy.extensions.telnet.TelnetConsole',
 'scrapy.extensions.corestats.CoreStats']
2018-01-20 22:04:40 [scrapy.middleware] INFO: Enabled downloader middlewares:
['douban.middlewares.RandomUserAgent',
 'douban.middlewares.RandomProxy',
 'scrapy.downloadermiddlewares.httpauth.HttpAuthMiddleware',
 'scrapy.downloadermiddlewares.downloadtimeout.DownloadTimeoutMiddleware',
 'scrapy.downloadermiddlewares.defaultheaders.DefaultHeadersMiddleware',
 'scrapy.downloadermiddlewares.useragent.UserAgentMiddleware',
 'scrapy.downloadermiddlewares.retry.RetryMiddleware',
 'scrapy.downloadermiddlewares.redirect.MetaRefreshMiddleware',
 'scrapy.downloadermiddlewares.httpcompression.HttpCompressionMiddleware',
 'scrapy.downloadermiddlewares.redirect.RedirectMiddleware',
 'scrapy.downloadermiddlewares.cookies.CookiesMiddleware',
 'scrapy.downloadermiddlewares.httpproxy.HttpProxyMiddleware',
 'scrapy.downloadermiddlewares.stats.DownloaderStats']
2018-01-20 22:04:40 [scrapy.middleware] INFO: Enabled spider middlewares:
['scrapy.spidermiddlewares.httperror.HttpErrorMiddleware',
 'scrapy.spidermiddlewares.offsite.OffsiteMiddleware',
 'scrapy.spidermiddlewares.referer.RefererMiddleware',
 'scrapy.spidermiddlewares.urllength.UrlLengthMiddleware',
 'scrapy.spidermiddlewares.depth.DepthMiddleware']
2018-01-20 22:04:40 [scrapy.middleware] INFO: Enabled item pipelines:
['douban.pipelines.DoubanPipeline', 'douban.pipelines.DownloadImagesPipeline']
2018-01-20 22:04:40 [scrapy.core.engine] INFO: Spider opened
2018-01-20 22:04:40 [scrapy.extensions.logstats] INFO: Crawled 0 pages (at 0 pages/min), scraped 0 items (at 0 items/min)
2018-01-20 22:04:40 [scrapy.extensions.telnet] DEBUG: Telnet console listening on 127.0.0.1:6024
2018-01-20 22:04:40 [scrapy.core.engine] DEBUG: Crawled (200) <GET https://movie.douban.com/top250?start=0> (referer: None)
2018-01-20 22:04:41 [scrapy.core.engine] INFO: Closing spider (finished)
2018-01-20 22:04:41 [scrapy.statscollectors] INFO: Dumping Scrapy stats:
{'downloader/request_bytes': 316,
 'downloader/request_count': 1,
 'downloader/request_method_count/GET': 1,
 'downloader/response_bytes': 12914,
 'downloader/response_count': 1,
 'downloader/response_status_count/200': 1,
 'finish_reason': 'finished',
 'finish_time': datetime.datetime(2018, 1, 20, 14, 4, 41, 19000),
 'log_count/DEBUG': 2,
 'log_count/INFO': 7,
 'response_received_count': 1,
 'scheduler/dequeued': 1,
 'scheduler/dequeued/memory': 1,
 'scheduler/enqueued': 1,
 'scheduler/enqueued/memory': 1,
 'start_time': datetime.datetime(2018, 1, 20, 14, 4, 40, 440000)}
2018-01-20 22:04:41 [scrapy.core.engine] INFO: Spider closed (finished)
2018-01-20 22:10:03 [scrapy.utils.log] INFO: Scrapy 1.5.0 started (bot: douban)
2018-01-20 22:10:03 [scrapy.utils.log] INFO: Versions: lxml 4.1.0.0, libxml2 2.9.5, cssselect 1.0.3, parsel 1.3.1, w3lib 1.18.0, Twisted 17.9.0, Python 2.7.13 (v2.7.13:a06454b1afa1, Dec 17 2016, 20:42:59) [MSC v.1500 32 bit (Intel)], pyOpenSSL 17.5.0 (OpenSSL 1.1.0g  2 Nov 2017), cryptography 2.1.4, Platform Windows-10-10.0.16299
2018-01-20 22:10:03 [scrapy.crawler] INFO: Overridden settings: {'NEWSPIDER_MODULE': 'douban.spiders', 'SPIDER_MODULES': ['douban.spiders'], 'LOG_FILE': 'douban.log', 'USER_AGENT': 'Mozilla/5.0 (Macintosh; Intel Mac OS X 10_11_3) AppleWebKit/537.36 (KHTML, like Gecko) Chrome/48.0.2564.116 Safari/537.36', 'BOT_NAME': 'douban'}
2018-01-20 22:10:03 [scrapy.middleware] INFO: Enabled extensions:
['scrapy.extensions.logstats.LogStats',
 'scrapy.extensions.telnet.TelnetConsole',
 'scrapy.extensions.corestats.CoreStats']
2018-01-20 22:10:04 [scrapy.middleware] INFO: Enabled downloader middlewares:
['douban.middlewares.RandomUserAgent',
 'douban.middlewares.RandomProxy',
 'scrapy.downloadermiddlewares.httpauth.HttpAuthMiddleware',
 'scrapy.downloadermiddlewares.downloadtimeout.DownloadTimeoutMiddleware',
 'scrapy.downloadermiddlewares.defaultheaders.DefaultHeadersMiddleware',
 'scrapy.downloadermiddlewares.useragent.UserAgentMiddleware',
 'scrapy.downloadermiddlewares.retry.RetryMiddleware',
 'scrapy.downloadermiddlewares.redirect.MetaRefreshMiddleware',
 'scrapy.downloadermiddlewares.httpcompression.HttpCompressionMiddleware',
 'scrapy.downloadermiddlewares.redirect.RedirectMiddleware',
 'scrapy.downloadermiddlewares.cookies.CookiesMiddleware',
 'scrapy.downloadermiddlewares.httpproxy.HttpProxyMiddleware',
 'scrapy.downloadermiddlewares.stats.DownloaderStats']
2018-01-20 22:10:04 [scrapy.middleware] INFO: Enabled spider middlewares:
['scrapy.spidermiddlewares.httperror.HttpErrorMiddleware',
 'scrapy.spidermiddlewares.offsite.OffsiteMiddleware',
 'scrapy.spidermiddlewares.referer.RefererMiddleware',
 'scrapy.spidermiddlewares.urllength.UrlLengthMiddleware',
 'scrapy.spidermiddlewares.depth.DepthMiddleware']
2018-01-20 22:10:04 [scrapy.middleware] INFO: Enabled item pipelines:
['douban.pipelines.DoubanPipeline', 'douban.pipelines.DownloadImagesPipeline']
2018-01-20 22:10:04 [scrapy.core.engine] INFO: Spider opened
2018-01-20 22:10:04 [scrapy.extensions.logstats] INFO: Crawled 0 pages (at 0 pages/min), scraped 0 items (at 0 items/min)
2018-01-20 22:10:04 [scrapy.extensions.telnet] DEBUG: Telnet console listening on 127.0.0.1:6024
2018-01-20 22:10:05 [scrapy.core.engine] DEBUG: Crawled (200) <GET https://movie.douban.com/top250?start=0> (referer: None)
2018-01-20 22:10:05 [scrapy.core.engine] INFO: Closing spider (finished)
2018-01-20 22:10:05 [scrapy.statscollectors] INFO: Dumping Scrapy stats:
{'downloader/request_bytes': 245,
 'downloader/request_count': 1,
 'downloader/request_method_count/GET': 1,
 'downloader/response_bytes': 12966,
 'downloader/response_count': 1,
 'downloader/response_status_count/200': 1,
 'finish_reason': 'finished',
 'finish_time': datetime.datetime(2018, 1, 20, 14, 10, 5, 835000),
 'log_count/DEBUG': 2,
 'log_count/INFO': 7,
 'response_received_count': 1,
 'scheduler/dequeued': 1,
 'scheduler/dequeued/memory': 1,
 'scheduler/enqueued': 1,
 'scheduler/enqueued/memory': 1,
 'start_time': datetime.datetime(2018, 1, 20, 14, 10, 4, 890000)}
2018-01-20 22:10:05 [scrapy.core.engine] INFO: Spider closed (finished)
2018-01-20 22:36:57 [scrapy.utils.log] INFO: Scrapy 1.5.0 started (bot: douban)
2018-01-20 22:36:57 [scrapy.utils.log] INFO: Versions: lxml 4.1.0.0, libxml2 2.9.5, cssselect 1.0.3, parsel 1.3.1, w3lib 1.18.0, Twisted 17.9.0, Python 2.7.13 (v2.7.13:a06454b1afa1, Dec 17 2016, 20:42:59) [MSC v.1500 32 bit (Intel)], pyOpenSSL 17.5.0 (OpenSSL 1.1.0g  2 Nov 2017), cryptography 2.1.4, Platform Windows-10-10.0.16299
2018-01-20 22:36:57 [scrapy.crawler] INFO: Overridden settings: {'NEWSPIDER_MODULE': 'douban.spiders', 'SPIDER_MODULES': ['douban.spiders'], 'LOG_FILE': 'douban.log', 'USER_AGENT': 'Mozilla/5.0 (Macintosh; Intel Mac OS X 10_11_3) AppleWebKit/537.36 (KHTML, like Gecko) Chrome/48.0.2564.116 Safari/537.36', 'BOT_NAME': 'douban'}
2018-01-20 22:36:58 [scrapy.middleware] INFO: Enabled extensions:
['scrapy.extensions.logstats.LogStats',
 'scrapy.extensions.telnet.TelnetConsole',
 'scrapy.extensions.corestats.CoreStats']
2018-01-20 22:36:59 [scrapy.middleware] INFO: Enabled downloader middlewares:
['douban.middlewares.RandomUserAgent',
 'douban.middlewares.RandomProxy',
 'scrapy.downloadermiddlewares.httpauth.HttpAuthMiddleware',
 'scrapy.downloadermiddlewares.downloadtimeout.DownloadTimeoutMiddleware',
 'scrapy.downloadermiddlewares.defaultheaders.DefaultHeadersMiddleware',
 'scrapy.downloadermiddlewares.useragent.UserAgentMiddleware',
 'scrapy.downloadermiddlewares.retry.RetryMiddleware',
 'scrapy.downloadermiddlewares.redirect.MetaRefreshMiddleware',
 'scrapy.downloadermiddlewares.httpcompression.HttpCompressionMiddleware',
 'scrapy.downloadermiddlewares.redirect.RedirectMiddleware',
 'scrapy.downloadermiddlewares.cookies.CookiesMiddleware',
 'scrapy.downloadermiddlewares.httpproxy.HttpProxyMiddleware',
 'scrapy.downloadermiddlewares.stats.DownloaderStats']
2018-01-20 22:36:59 [scrapy.middleware] INFO: Enabled spider middlewares:
['scrapy.spidermiddlewares.httperror.HttpErrorMiddleware',
 'scrapy.spidermiddlewares.offsite.OffsiteMiddleware',
 'scrapy.spidermiddlewares.referer.RefererMiddleware',
 'scrapy.spidermiddlewares.urllength.UrlLengthMiddleware',
 'scrapy.spidermiddlewares.depth.DepthMiddleware']
2018-01-20 22:36:59 [scrapy.middleware] INFO: Enabled item pipelines:
['douban.pipelines.DoubanPipeline', 'douban.pipelines.DownloadImagesPipeline']
2018-01-20 22:36:59 [scrapy.core.engine] INFO: Spider opened
2018-01-20 22:36:59 [scrapy.extensions.logstats] INFO: Crawled 0 pages (at 0 pages/min), scraped 0 items (at 0 items/min)
2018-01-20 22:36:59 [scrapy.extensions.telnet] DEBUG: Telnet console listening on 127.0.0.1:6024
2018-01-20 22:36:59 [scrapy.downloadermiddlewares.retry] DEBUG: Retrying <GET https://movie.douban.com/top250?start=0> (failed 1 times): Could not open CONNECT tunnel with proxy 116.231.63.104:8118 [{'status': 503, 'reason': bytearray(b'Too many open connections')}]
2018-01-20 22:36:59 [scrapy.downloadermiddlewares.retry] DEBUG: Retrying <GET https://movie.douban.com/top250?start=0> (failed 2 times): Could not open CONNECT tunnel with proxy 116.231.63.104:8118 [{'status': 503, 'reason': bytearray(b'Too many open connections')}]
2018-01-20 22:37:21 [scrapy.core.engine] INFO: Closing spider (finished)
2018-01-20 22:37:21 [scrapy.statscollectors] INFO: Dumping Scrapy stats:
{'downloader/exception_count': 3,
 'downloader/exception_type_count/scrapy.core.downloader.handlers.http11.TunnelError': 2,
 'downloader/exception_type_count/twisted.internet.error.TCPTimedOutError': 1,
 'downloader/request_bytes': 885,
 'downloader/request_count': 3,
 'downloader/request_method_count/GET': 3,
 'finish_reason': 'finished',
 'finish_time': datetime.datetime(2018, 1, 20, 14, 37, 21, 90000),
 'log_count/DEBUG': 4,
 'log_count/ERROR': 1,
 'log_count/INFO': 7,
 'retry/count': 2,
 'retry/max_reached': 1,
 'retry/reason_count/scrapy.core.downloader.handlers.http11.TunnelError': 2,
 'scheduler/dequeued': 3,
 'scheduler/dequeued/memory': 3,
 'scheduler/enqueued': 3,
 'scheduler/enqueued/memory': 3,
 'start_time': datetime.datetime(2018, 1, 20, 14, 36, 59, 465000)}
2018-01-20 22:37:21 [scrapy.core.engine] INFO: Spider closed (finished)
